<?xml version="1.0" encoding="UTF-8"?>
<testsuite xmlns:xsi="http://www.w3.org/2001/XMLSchema-instance" xsi:noNamespaceSchemaLocation="https://maven.apache.org/surefire/maven-surefire-plugin/xsd/surefire-test-report-3.0.xsd" version="3.0" name="org.stepdefinition.TestRunner" time="15.004" tests="2" errors="0" skipped="0" failures="0">
  <properties>
[...]
</properties>
  <testcase name="To validate the retrieve issue in Jira_Api using Get_Request_Method" classname="To validate the Jira_Api" time="8.354">
    <system-out><![CDATA[Feature: To validate the Jira_Api

  Background:                                       &amp#27;[90m# src/test/resources/Feature/JiraApi.feature:2&amp#27;[0m
Request method:	POST
Request URI:	https://sasik288120.atlassian.net/rest/api/2/issue/
Proxy:			<none>
Request params:	<none>
Query params:	<none>
Form params:	<none>
Path params:	<none>
Headers:		Accept=*/*
				Content-Type=application/json; charset=UTF-8
Cookies:		<none>
Multiparts:		<none>
Body:
{
    "fields": {
        "project": {
            "key": "KAN"
        },
        "summary": "LoginPage button issue",
        "description": "Clicking login page button not going to login page",
        "issuetype": {
            "name": "Bug"
        }
    }
}
    &amp#27;[32mGiven &amp#27;[0m&amp#27;[32mAdd request Specification for the request&amp#27;[0m &amp#27;[90m# StepDefinition.add_request_Specification_for_the_request()&amp#27;[0m

  @getissue
  Scenario: To validate the retrieve issue in Jira_Api using Get_Request_Method &amp#27;[90m# src/test/resources/Feature/JiraApi.feature:20&amp#27;[0m
Request method:	GET
Request URI:	https://sasik288120.atlassian.net/rest/api/2/issue/KAN-311
Proxy:			<none>
Request params:	<none>
Query params:	<none>
Form params:	<none>
Path params:	<none>
Headers:		Accept=*/*
				Content-Type=application/json; charset=UTF-8
Cookies:		<none>
Multiparts:		<none>
Body:			<none>
    &amp#27;[32mWhen &amp#27;[0m&amp#27;[32mAdd endpoint to the &amp#27;[0m&amp#27;[32m&amp#27;[1m"get"&amp#27;[0m&amp#27;[32m Request&amp#27;[0m                                      &amp#27;[90m# StepDefinition.add_endpoint_to_the_Request(String)&amp#27;[0m
HTTP/1.1 200 OK
Content-Type: application/json;charset=UTF-8
Transfer-Encoding: chunked
Connection: keep-alive
Date: Sun, 06 Apr 2025 04:15:23 GMT
Server: AtlassianEdge
Timing-Allow-Origin: *
X-Arequestid: 8bed8c8d3bcadccb2a63df7f4cb2b7d6
Set-Cookie: atlassian.xsrf.token=6eb91797a04aafba96830d2929fccaf0f9ed16ea_lin; Path=/; SameSite=None; Secure
X-Aaccountid: 712020%3A929c13a7-6ba1-4081-83c5-d91c7c7c7b78
Cache-Control: no-cache, no-store, no-transform
Vary: Accept-Encoding
Content-Encoding: gzip
X-Content-Type-Options: nosniff
X-Xss-Protection: 1; mode=block
Atl-Traceid: ab78c6929a334073960a9093a7001367
Atl-Request-Id: ab78c692-9a33-4073-960a-9093a7001367
Strict-Transport-Security: max-age=63072000; includeSubDomains; preload
Report-To: {"endpoints": [{"url": "https://dz8aopenkvv6s.cloudfront.net"}], "group": "endpoint-1", "include_subdomains": true, "max_age": 600}
Nel: {"failure_fraction": 0.001, "include_subdomains": true, "max_age": 600, "report_to": "endpoint-1"}
X-Cache: Miss from cloudfront
Via: 1.1 8890f821f2766635a0bf9c35769eb6d6.cloudfront.net (CloudFront)
X-Amz-Cf-Pop: MAA50-P1
X-Amz-Cf-Id: UFNTqXp7e7Cadj5jpQjk9esvXjamfSfr4bAVAcTlGiBGof9-scGkeA==
Server-Timing: cdn-upstream-layer;desc="EDGE",cdn-upstream-dns;dur=0,cdn-upstream-connect;dur=16,cdn-upstream-fbl;dur=397,atl-edge;dur=328,atl-edge-internal;dur=16,atl-edge-upstream;dur=312,atl-edge-pop;desc="aws-ap-south-1",cdn-cache-miss,cdn-pop;desc="MAA50-P1",cdn-rid;desc="UFNTqXp7e7Cadj5jpQjk9esvXjamfSfr4bAVAcTlGiBGof9-scGkeA==",cdn-downstream-fbl;dur=401

{
    "expand": "renderedFields,names,schema,operations,editmeta,changelog,versionedRepresentations",
    "id": "10362",
    "self": "https://sasik288120.atlassian.net/rest/api/2/issue/10362",
    "key": "KAN-311",
    "fields": {
        "statuscategorychangedate": "2025-04-06T09:45:22.276+0530",
        "issuetype": {
            "self": "https://sasik288120.atlassian.net/rest/api/2/issuetype/10015",
            "id": "10015",
            "description": "Bugs track problems or errors.",
            "iconUrl": "https://sasik288120.atlassian.net/rest/api/2/universal_avatar/view/type/issuetype/avatar/10303?size=medium",
            "name": "Bug",
            "subtask": false,
            "avatarId": 10303,
            "entityId": "b8a81a78-76ac-4093-998f-a215854ab337",
            "hierarchyLevel": 0
        },
        "components": [
            
        ],
        "timespent": null,
        "timeoriginalestimate": null,
        "project": {
            "self": "https://sasik288120.atlassian.net/rest/api/2/project/10000",
            "id": "10000",
            "key": "KAN",
            "name": "My Kanban Project",
            "projectTypeKey": "software",
            "simplified": true,
            "avatarUrls": {
                "48x48": "https://sasik288120.atlassian.net/rest/api/2/universal_avatar/view/type/project/avatar/10403",
                "24x24": "https://sasik288120.atlassian.net/rest/api/2/universal_avatar/view/type/project/avatar/10403?size=small",
                "16x16": "https://sasik288120.atlassian.net/rest/api/2/universal_avatar/view/type/project/avatar/10403?size=xsmall",
                "32x32": "https://sasik288120.atlassian.net/rest/api/2/universal_avatar/view/type/project/avatar/10403?size=medium"
            }
        },
        "description": "Clicking login page button not going to login page",
        "fixVersions": [
            
        ],
        "statusCategory": {
            "self": "https://sasik288120.atlassian.net/rest/api/2/statuscategory/2",
            "id": 2,
            "key": "new",
            "colorName": "blue-gray",
            "name": "To Do"
        },
        "customfield_10034": null,
        "aggregatetimespent": null,
        "resolution": null,
        "timetracking": {
            
        },
        "security": null,
        "attachment": [
            
        ],
        "aggregatetimeestimate": null,
        "resolutiondate": null,
        "workratio": -1,
        "summary": "LoginPage button issue",
        "watches": {
            "self": "https://sasik288120.atlassian.net/rest/api/2/issue/KAN-311/watchers",
            "watchCount": 1,
            "isWatching": true
        },
        "issuerestriction": {
            "issuerestrictions": {
                
            },
            "shouldDisplay": true
        },
        "lastViewed": null,
        "creator": {
            "self": "https://sasik288120.atlassian.net/rest/api/2/user?accountId=712020%3A929c13a7-6ba1-4081-83c5-d91c7c7c7b78",
            "accountId": "712020:929c13a7-6ba1-4081-83c5-d91c7c7c7b78",
            "emailAddress": "sasik288120@gmail.com",
            "avatarUrls": {
                "48x48": "https://secure.gravatar.com/avatar/4b6f2d6982f5b77ec1f54557b799db92?d=https%3A%2F%2Favatar-management--avatars.us-west-2.prod.public.atl-paas.net%2Finitials%2FS-5.png",
                "24x24": "https://secure.gravatar.com/avatar/4b6f2d6982f5b77ec1f54557b799db92?d=https%3A%2F%2Favatar-management--avatars.us-west-2.prod.public.atl-paas.net%2Finitials%2FS-5.png",
                "16x16": "https://secure.gravatar.com/avatar/4b6f2d6982f5b77ec1f54557b799db92?d=https%3A%2F%2Favatar-management--avatars.us-west-2.prod.public.atl-paas.net%2Finitials%2FS-5.png",
                "32x32": "https://secure.gravatar.com/avatar/4b6f2d6982f5b77ec1f54557b799db92?d=https%3A%2F%2Favatar-management--avatars.us-west-2.prod.public.atl-paas.net%2Finitials%2FS-5.png"
            },
            "displayName": "Sasi",
            "active": true,
            "timeZone": "Asia/Calcutta",
            "accountType": "atlassian"
        },
        "subtasks": [
            
        ],
        "created": "2025-04-06T09:45:20.187+0530",
        "reporter": {
            "self": "https://sasik288120.atlassian.net/rest/api/2/user?accountId=712020%3A929c13a7-6ba1-4081-83c5-d91c7c7c7b78",
            "accountId": "712020:929c13a7-6ba1-4081-83c5-d91c7c7c7b78",
            "emailAddress": "sasik288120@gmail.com",
            "avatarUrls": {
                "48x48": "https://secure.gravatar.com/avatar/4b6f2d6982f5b77ec1f54557b799db92?d=https%3A%2F%2Favatar-management--avatars.us-west-2.prod.public.atl-paas.net%2Finitials%2FS-5.png",
                "24x24": "https://secure.gravatar.com/avatar/4b6f2d6982f5b77ec1f54557b799db92?d=https%3A%2F%2Favatar-management--avatars.us-west-2.prod.public.atl-paas.net%2Finitials%2FS-5.png",
                "16x16": "https://secure.gravatar.com/avatar/4b6f2d6982f5b77ec1f54557b799db92?d=https%3A%2F%2Favatar-management--avatars.us-west-2.prod.public.atl-paas.net%2Finitials%2FS-5.png",
                "32x32": "https://secure.gravatar.com/avatar/4b6f2d6982f5b77ec1f54557b799db92?d=https%3A%2F%2Favatar-management--avatars.us-west-2.prod.public.atl-paas.net%2Finitials%2FS-5.png"
            },
            "displayName": "Sasi",
            "active": true,
            "timeZone": "Asia/Calcutta",
            "accountType": "atlassian"
        },
        "customfield_10021": null,
        "aggregateprogress": {
            "progress": 0,
            "total": 0
        },
        "customfield_10001": null,
        "priority": {
            "self": "https://sasik288120.atlassian.net/rest/api/2/priority/3",
            "iconUrl": "https://sasik288120.atlassian.net/images/icons/priorities/medium.svg",
            "name": "Medium",
            "id": "3"
        },
        "labels": [
            
        ],
        "environment": null,
        "customfield_10019": "0|i001hj:",
        "timeestimate": null,
        "aggregatetimeoriginalestimate": null,
        "versions": [
            
        ],
        "duedate": null,
        "progress": {
            "progress": 0,
            "total": 0
        },
        "comment": {
            "comments": [
                
            ],
            "self": "https://sasik288120.atlassian.net/rest/api/2/issue/10362/comment",
            "maxResults": 0,
            "total": 0,
            "startAt": 0
        },
        "votes": {
            "self": "https://sasik288120.atlassian.net/rest/api/2/issue/KAN-311/votes",
            "votes": 0,
            "hasVoted": false
        },
        "issuelinks": [
            
        ],
        "assignee": null,
        "worklog": {
            "startAt": 0,
            "maxResults": 20,
            "total": 0,
            "worklogs": [
                
            ]
        },
        "updated": "2025-04-06T09:45:20.271+0530",
        "status": {
            "self": "https://sasik288120.atlassian.net/rest/api/2/status/10000",
            "description": "",
            "iconUrl": "https://sasik288120.atlassian.net/",
            "name": "To Do",
            "id": "10000",
            "statusCategory": {
                "self": "https://sasik288120.atlassian.net/rest/api/2/statuscategory/2",
                "id": 2,
                "key": "new",
                "colorName": "blue-gray",
                "name": "To Do"
            }
        }
    }
}
    &amp#27;[32mThen &amp#27;[0m&amp#27;[32mValidate the Response_status_code for the Request as &amp#27;[0m&amp#27;[32m&amp#27;[1m200&amp#27;[0m               &amp#27;[90m# StepDefinition.validate_the_response_status_code_for_the_request_as(Integer)&amp#27;[0m
]]></system-out>
    <system-err><![CDATA[Apr 06, 2025 9:45:14 AM cucumber.runtime.filter.TagExpressionOld isOldTagExpression
WARNING: Found tags option '@deleteissue,@getissue'. Support for '@tag1,@tag2' will be removed from the next release of Cucumber-JVM. Please use '@tag or @tag2' instead
SLF4J(W): No SLF4J providers were found.
SLF4J(W): Defaulting to no-operation (NOP) logger implementation
SLF4J(W): See https://www.slf4j.org/codes.html#noProviders for further details.
]]></system-err>
  </testcase>
  <testcase name="To validate the delete issue in Jira_Api using Delete_Request_Method" classname="To validate the Jira_Api" time="5.935">
    <system-out><![CDATA[
  Background:                                       &amp#27;[90m# src/test/resources/Feature/JiraApi.feature:2&amp#27;[0m
Request method:	POST
Request URI:	https://sasik288120.atlassian.net/rest/api/2/issue/
Proxy:			<none>
Request params:	<none>
Query params:	<none>
Form params:	<none>
Path params:	<none>
Headers:		Accept=*/*
				Content-Type=application/json; charset=UTF-8
Cookies:		<none>
Multiparts:		<none>
Body:
{
    "fields": {
        "project": {
            "key": "KAN"
        },
        "summary": "LoginPage button issue",
        "description": "Clicking login page button not going to login page",
        "issuetype": {
            "name": "Bug"
        }
    }
}
    &amp#27;[32mGiven &amp#27;[0m&amp#27;[32mAdd request Specification for the request&amp#27;[0m &amp#27;[90m# StepDefinition.add_request_Specification_for_the_request()&amp#27;[0m

  @deleteissue
  Scenario: To validate the delete issue in Jira_Api using Delete_Request_Method &amp#27;[90m# src/test/resources/Feature/JiraApi.feature:25&amp#27;[0m
Request method:	DELETE
Request URI:	https://sasik288120.atlassian.net/rest/api/2/issue/KAN-312
Proxy:			<none>
Request params:	<none>
Query params:	<none>
Form params:	<none>
Path params:	<none>
Headers:		Accept=*/*
				Content-Type=application/json; charset=UTF-8
Cookies:		<none>
Multiparts:		<none>
Body:			<none>
    &amp#27;[32mWhen &amp#27;[0m&amp#27;[32mAdd endpoint to the &amp#27;[0m&amp#27;[32m&amp#27;[1m"delete"&amp#27;[0m&amp#27;[32m Request&amp#27;[0m                                    &amp#27;[90m# StepDefinition.add_endpoint_to_the_Request(String)&amp#27;[0m
HTTP/1.1 204 No Content
Content-Type: application/json;charset=UTF-8
Connection: keep-alive
Date: Sun, 06 Apr 2025 04:15:29 GMT
Server: AtlassianEdge
Timing-Allow-Origin: *
X-Arequestid: 5275df8a340e935ccbd82b0e65799bba
Set-Cookie: atlassian.xsrf.token=71c3745094c1ff5ee46ba8b8c4dfedd09c8fcada_lin; Path=/; SameSite=None; Secure
X-Aaccountid: 712020%3A929c13a7-6ba1-4081-83c5-d91c7c7c7b78
Cache-Control: no-cache, no-store, no-transform
Vary: Accept-Encoding
X-Content-Type-Options: nosniff
X-Xss-Protection: 1; mode=block
Atl-Traceid: 7bf4d728888042ea951a721300984ace
Atl-Request-Id: 7bf4d728-8880-42ea-951a-721300984ace
Strict-Transport-Security: max-age=63072000; includeSubDomains; preload
Report-To: {"endpoints": [{"url": "https://dz8aopenkvv6s.cloudfront.net"}], "group": "endpoint-1", "include_subdomains": true, "max_age": 600}
Nel: {"failure_fraction": 0.001, "include_subdomains": true, "max_age": 600, "report_to": "endpoint-1"}
X-Cache: Miss from cloudfront
Via: 1.1 b863175923d6206c18a8c6260f57ceaa.cloudfront.net (CloudFront)
X-Amz-Cf-Pop: MAA50-P1
X-Amz-Cf-Id: FWqstoh5li6B7bpzwC1RIAslbWRQsuPjeUzocSle5aMhuxo-b6Z6xg==
Server-Timing: cdn-upstream-layer;desc="EDGE",cdn-upstream-dns;dur=0,cdn-upstream-connect;dur=16,cdn-upstream-fbl;dur=2521,atl-edge;dur=2452,atl-edge-internal;dur=148,atl-edge-upstream;dur=2255,atl-edge-pop;desc="aws-ap-south-1",cdn-cache-miss,cdn-pop;desc="MAA50-P1",cdn-rid;desc="FWqstoh5li6B7bpzwC1RIAslbWRQsuPjeUzocSle5aMhuxo-b6Z6xg==",cdn-downstream-fbl;dur=2525
    &amp#27;[32mThen &amp#27;[0m&amp#27;[32mValidate the Response_status_code for the Request as &amp#27;[0m&amp#27;[32m&amp#27;[1m204&amp#27;[0m                &amp#27;[90m# StepDefinition.validate_the_response_status_code_for_the_request_as(Integer)&amp#27;[0m
]]></system-out>
  </testcase>
</testsuite>